{"duration_ms":0.0,"event":"command_start","invocation_id":"51320-1782205687367","meta":{"command":"check","json_output":true},"pid":51320,"status":"ok","timestamp_ms":1782205687367}
{"duration_ms":331.8674,"event":"startup","invocation_id":"51320-1782205687367","meta":{"command":"check"},"pid":51320,"status":"ok","timestamp_ms":1782205687369}
{"duration_ms":0.0,"event":"discover_files_result","invocation_id":"51320-1782205687367","meta":{"count":0},"pid":51320,"status":"ok","timestamp_ms":1782205687513}
{"duration_ms":143.00730000000001,"event":"discover_files","invocation_id":"51320-1782205687367","meta":{"globs":[]},"pid":51320,"status":"ok","timestamp_ms":1782205687513}
{"duration_ms":143.452,"event":"command_finish","invocation_id":"51320-1782205687367","meta":{"command":"check","exit_code":2},"pid":51320,"status":"ok","timestamp_ms":1782205687513}
{"duration_ms":0.0,"event":"command_start","invocation_id":"48468-1782205762961","meta":{"command":"check","json_output":true},"pid":48468,"status":"ok","timestamp_ms":1782205762961}
{"duration_ms":357.4191,"event":"startup","invocation_id":"48468-1782205762961","meta":{"command":"check"},"pid":48468,"status":"ok","timestamp_ms":1782205762962}
{"duration_ms":0.0,"event":"discover_files_result","invocation_id":"48468-1782205762961","meta":{"count":0},"pid":48468,"status":"ok","timestamp_ms":1782205763103}
{"duration_ms":141.08970000000002,"event":"discover_files","invocation_id":"48468-1782205762961","meta":{"globs":[]},"pid":48468,"status":"ok","timestamp_ms":1782205763103}
{"duration_ms":141.293,"event":"command_finish","invocation_id":"48468-1782205762961","meta":{"command":"check","exit_code":2},"pid":48468,"status":"ok","timestamp_ms":1782205763103}
{"duration_ms":0.0,"event":"command_start","invocation_id":"53932-1782205770471","meta":{"command":"check","json_output":true},"pid":53932,"status":"ok","timestamp_ms":1782205770471}
{"duration_ms":287.0274,"event":"startup","invocation_id":"53932-1782205770471","meta":{"command":"check"},"pid":53932,"status":"ok","timestamp_ms":1782205770471}
{"duration_ms":0.0,"event":"discover_files_result","invocation_id":"53932-1782205770471","meta":{"count":0},"pid":53932,"status":"ok","timestamp_ms":1782205770594}
{"duration_ms":123.37610000000001,"event":"discover_files","invocation_id":"53932-1782205770471","meta":{"globs":[]},"pid":53932,"status":"ok","timestamp_ms":1782205770594}
{"duration_ms":123.5789,"event":"command_finish","invocation_id":"53932-1782205770471","meta":{"command":"check","exit_code":2},"pid":53932,"status":"ok","timestamp_ms":1782205770595}
{"duration_ms":0.0,"event":"command_start","invocation_id":"22144-1782205775901","meta":{"command":"check","json_output":true},"pid":22144,"status":"ok","timestamp_ms":1782205775901}
{"duration_ms":308.20399999999995,"event":"startup","invocation_id":"22144-1782205775901","meta":{"command":"check"},"pid":22144,"status":"ok","timestamp_ms":1782205775902}
{"duration_ms":0.0,"event":"discover_files_result","invocation_id":"22144-1782205775901","meta":{"count":0},"pid":22144,"status":"ok","timestamp_ms":1782205776041}
{"duration_ms":139.0131,"event":"discover_files","invocation_id":"22144-1782205775901","meta":{"globs":[]},"pid":22144,"status":"ok","timestamp_ms":1782205776041}
{"duration_ms":139.21359999999999,"event":"command_finish","invocation_id":"22144-1782205775901","meta":{"command":"check","exit_code":2},"pid":22144,"status":"ok","timestamp_ms":1782205776041}
{"duration_ms":0.0,"event":"command_start","invocation_id":"10108-1782205862632","meta":{"command":"check","json_output":true},"pid":10108,"status":"ok","timestamp_ms":1782205862632}
{"duration_ms":332.2387,"event":"startup","invocation_id":"10108-1782205862632","meta":{"command":"check"},"pid":10108,"status":"ok","timestamp_ms":1782205862633}
{"duration_ms":0.0,"event":"discover_files_result","invocation_id":"10108-1782205862632","meta":{"count":0},"pid":10108,"status":"ok","timestamp_ms":1782205862765}
{"duration_ms":132.61800000000002,"event":"discover_files","invocation_id":"10108-1782205862632","meta":{"globs":[]},"pid":10108,"status":"ok","timestamp_ms":1782205862766}
{"duration_ms":132.8513,"event":"command_finish","invocation_id":"10108-1782205862632","meta":{"command":"check","exit_code":2},"pid":10108,"status":"ok","timestamp_ms":1782205862766}
{"duration_ms":0.0,"event":"command_start","invocation_id":"42948-1782205898819","meta":{"command":"check","json_output":true},"pid":42948,"status":"ok","timestamp_ms":1782205898819}
{"duration_ms":325.032,"event":"startup","invocation_id":"42948-1782205898819","meta":{"command":"check"},"pid":42948,"status":"ok","timestamp_ms":1782205898819}
{"duration_ms":0.0,"event":"discover_files_result","invocation_id":"42948-1782205898819","meta":{"count":0},"pid":42948,"status":"ok","timestamp_ms":1782205898961}
{"duration_ms":141.8981,"event":"discover_files","invocation_id":"42948-1782205898819","meta":{"globs":[]},"pid":42948,"status":"ok","timestamp_ms":1782205898961}
{"duration_ms":142.0932,"event":"command_finish","invocation_id":"42948-1782205898819","meta":{"command":"check","exit_code":2},"pid":42948,"status":"ok","timestamp_ms":1782205898961}
{"duration_ms":0.0,"event":"command_start","invocation_id":"47560-1782207096059","meta":{"command":"check","json_output":true},"pid":47560,"status":"ok","timestamp_ms":1782207096059}
{"duration_ms":292.91450000000003,"event":"startup","invocation_id":"47560-1782207096059","meta":{"command":"check"},"pid":47560,"status":"ok","timestamp_ms":1782207096059}
{"duration_ms":0.0,"event":"discover_files_result","invocation_id":"47560-1782207096059","meta":{"count":0},"pid":47560,"status":"ok","timestamp_ms":1782207096186}
{"duration_ms":126.38589999999999,"event":"discover_files","invocation_id":"47560-1782207096059","meta":{"globs":[]},"pid":47560,"status":"ok","timestamp_ms":1782207096186}
{"duration_ms":126.57730000000001,"event":"command_finish","invocation_id":"47560-1782207096059","meta":{"command":"check","exit_code":2},"pid":47560,"status":"ok","timestamp_ms":1782207096186}
{"duration_ms":0.0,"event":"command_start","invocation_id":"22568-1782207111794","meta":{"command":"check","json_output":true},"pid":22568,"status":"ok","timestamp_ms":1782207111794}
{"duration_ms":276.372,"event":"startup","invocation_id":"22568-1782207111794","meta":{"command":"check"},"pid":22568,"status":"ok","timestamp_ms":1782207111794}
{"duration_ms":0.0,"event":"discover_files_result","invocation_id":"22568-1782207111794","meta":{"count":0},"pid":22568,"status":"ok","timestamp_ms":1782207111922}
{"duration_ms":127.8599,"event":"discover_files","invocation_id":"22568-1782207111794","meta":{"globs":[]},"pid":22568,"status":"ok","timestamp_ms":1782207111922}
{"duration_ms":128.0627,"event":"command_finish","invocation_id":"22568-1782207111794","meta":{"command":"check","exit_code":2},"pid":22568,"status":"ok","timestamp_ms":1782207111923}
{"duration_ms":0.0,"event":"command_start","invocation_id":"54244-1782207403092","meta":{"command":"check","json_output":true},"pid":54244,"status":"ok","timestamp_ms":1782207403092}
{"duration_ms":379.2989,"event":"startup","invocation_id":"54244-1782207403092","meta":{"command":"check"},"pid":54244,"status":"ok","timestamp_ms":1782207403093}
{"duration_ms":0.0,"event":"discover_files_result","invocation_id":"54244-1782207403092","meta":{"count":0},"pid":54244,"status":"ok","timestamp_ms":1782207403244}
{"duration_ms":150.9349,"event":"discover_files","invocation_id":"54244-1782207403092","meta":{"globs":[]},"pid":54244,"status":"ok","timestamp_ms":1782207403244}
{"duration_ms":151.1457,"event":"command_finish","invocation_id":"54244-1782207403092","meta":{"command":"check","exit_code":2},"pid":54244,"status":"ok","timestamp_ms":1782207403244}
{"duration_ms":0.0,"event":"command_start","invocation_id":"32096-1782207421835","meta":{"command":"check","json_output":true},"pid":32096,"status":"ok","timestamp_ms":1782207421835}
{"duration_ms":310.907,"event":"startup","invocation_id":"32096-1782207421835","meta":{"command":"check"},"pid":32096,"status":"ok","timestamp_ms":1782207421835}
{"duration_ms":0.0,"event":"discover_files_result","invocation_id":"32096-1782207421835","meta":{"count":0},"pid":32096,"status":"ok","timestamp_ms":1782207421991}
{"duration_ms":155.3141,"event":"discover_files","invocation_id":"32096-1782207421835","meta":{"globs":[]},"pid":32096,"status":"ok","timestamp_ms":1782207421991}
{"duration_ms":155.5147,"event":"command_finish","invocation_id":"32096-1782207421835","meta":{"command":"check","exit_code":2},"pid":32096,"status":"ok","timestamp_ms":1782207421991}
{"duration_ms":0.0,"event":"command_start","invocation_id":"56204-1782212676246","meta":{"command":"check","json_output":true},"pid":56204,"status":"ok","timestamp_ms":1782212676246}
{"duration_ms":325.1655,"event":"startup","invocation_id":"56204-1782212676246","meta":{"command":"check"},"pid":56204,"status":"ok","timestamp_ms":1782212676246}
{"duration_ms":0.0,"event":"discover_files_result","invocation_id":"56204-1782212676246","meta":{"count":0},"pid":56204,"status":"ok","timestamp_ms":1782212676387}
{"duration_ms":140.9849,"event":"discover_files","invocation_id":"56204-1782212676246","meta":{"globs":[]},"pid":56204,"status":"ok","timestamp_ms":1782212676387}
{"duration_ms":141.1854,"event":"command_finish","invocation_id":"56204-1782212676246","meta":{"command":"check","exit_code":2},"pid":56204,"status":"ok","timestamp_ms":1782212676388}
{"duration_ms":0.0,"event":"command_start","invocation_id":"51112-1782212871435","meta":{"command":"check","json_output":true},"pid":51112,"status":"ok","timestamp_ms":1782212871435}
{"duration_ms":329.4244,"event":"startup","invocation_id":"51112-1782212871435","meta":{"command":"check"},"pid":51112,"status":"ok","timestamp_ms":1782212871435}
{"duration_ms":0.0,"event":"discover_files_result","invocation_id":"51112-1782212871435","meta":{"count":0},"pid":51112,"status":"ok","timestamp_ms":1782212871598}
{"duration_ms":162.8739,"event":"discover_files","invocation_id":"51112-1782212871435","meta":{"globs":[]},"pid":51112,"status":"ok","timestamp_ms":1782212871598}
{"duration_ms":163.19320000000002,"event":"command_finish","invocation_id":"51112-1782212871435","meta":{"command":"check","exit_code":2},"pid":51112,"status":"ok","timestamp_ms":1782212871599}
{"duration_ms":0.0,"event":"command_start","invocation_id":"56048-1782213061972","meta":{"command":"check","json_output":true},"pid":56048,"status":"ok","timestamp_ms":1782213061972}
{"duration_ms":344.4944,"event":"startup","invocation_id":"56048-1782213061972","meta":{"command":"check"},"pid":56048,"status":"ok","timestamp_ms":1782213061973}
{"duration_ms":0.0,"event":"discover_files_result","invocation_id":"56048-1782213061972","meta":{"count":0},"pid":56048,"status":"ok","timestamp_ms":1782213062132}
{"duration_ms":158.9906,"event":"discover_files","invocation_id":"56048-1782213061972","meta":{"globs":[]},"pid":56048,"status":"ok","timestamp_ms":1782213062132}
{"duration_ms":159.20680000000002,"event":"command_finish","invocation_id":"56048-1782213061972","meta":{"command":"check","exit_code":2},"pid":56048,"status":"ok","timestamp_ms":1782213062132}
{"duration_ms":0.0,"event":"command_start","invocation_id":"38424-1782213185566","meta":{"command":"check","json_output":true},"pid":38424,"status":"ok","timestamp_ms":1782213185566}
{"duration_ms":371.4401,"event":"startup","invocation_id":"38424-1782213185566","meta":{"command":"check"},"pid":38424,"status":"ok","timestamp_ms":1782213185566}
{"duration_ms":0.0,"event":"discover_files_result","invocation_id":"38424-1782213185566","meta":{"count":0},"pid":38424,"status":"ok","timestamp_ms":1782213185756}
{"duration_ms":190.1054,"event":"discover_files","invocation_id":"38424-1782213185566","meta":{"globs":[]},"pid":38424,"status":"ok","timestamp_ms":1782213185756}
{"duration_ms":190.3212,"event":"command_finish","invocation_id":"38424-1782213185566","meta":{"command":"check","exit_code":2},"pid":38424,"status":"ok","timestamp_ms":1782213185757}
{"duration_ms":0.0,"event":"command_start","invocation_id":"36840-1782213204962","meta":{"command":"check","json_output":true},"pid":36840,"status":"ok","timestamp_ms":1782213204962}
{"duration_ms":345.17769999999996,"event":"startup","invocation_id":"36840-1782213204962","meta":{"command":"check"},"pid":36840,"status":"ok","timestamp_ms":1782213204962}
{"duration_ms":0.0,"event":"discover_files_result","invocation_id":"36840-1782213204962","meta":{"count":0},"pid":36840,"status":"ok","timestamp_ms":1782213205127}
{"duration_ms":165.1197,"event":"discover_files","invocation_id":"36840-1782213204962","meta":{"globs":[]},"pid":36840,"status":"ok","timestamp_ms":1782213205127}
{"duration_ms":165.3238,"event":"command_finish","invocation_id":"36840-1782213204962","meta":{"command":"check","exit_code":2},"pid":36840,"status":"ok","timestamp_ms":1782213205128}
{"duration_ms":0.0,"event":"command_start","invocation_id":"9192-1782213211158","meta":{"command":"check","json_output":true},"pid":9192,"status":"ok","timestamp_ms":1782213211158}
{"duration_ms":357.0618,"event":"startup","invocation_id":"9192-1782213211158","meta":{"command":"check"},"pid":9192,"status":"ok","timestamp_ms":1782213211158}
{"duration_ms":0.0,"event":"discover_files_result","invocation_id":"9192-1782213211158","meta":{"count":0},"pid":9192,"status":"ok","timestamp_ms":1782213211335}
{"duration_ms":176.6733,"event":"discover_files","invocation_id":"9192-1782213211158","meta":{"globs":[]},"pid":9192,"status":"ok","timestamp_ms":1782213211335}
{"duration_ms":176.8839,"event":"command_finish","invocation_id":"9192-1782213211158","meta":{"command":"check","exit_code":2},"pid":9192,"status":"ok","timestamp_ms":1782213211335}
{"duration_ms":0.0,"event":"command_start","invocation_id":"51712-1782213251312","meta":{"command":"check","json_output":true},"pid":51712,"status":"ok","timestamp_ms":1782213251312}
{"duration_ms":332.9058,"event":"startup","invocation_id":"51712-1782213251312","meta":{"command":"check"},"pid":51712,"status":"ok","timestamp_ms":1782213251313}
{"duration_ms":0.0,"event":"discover_files_result","invocation_id":"51712-1782213251312","meta":{"count":0},"pid":51712,"status":"ok","timestamp_ms":1782213251480}
{"duration_ms":167.7455,"event":"discover_files","invocation_id":"51712-1782213251312","meta":{"globs":[]},"pid":51712,"status":"ok","timestamp_ms":1782213251481}
{"duration_ms":167.9491,"event":"command_finish","invocation_id":"51712-1782213251312","meta":{"command":"check","exit_code":2},"pid":51712,"status":"ok","timestamp_ms":1782213251481}
{"duration_ms":0.0,"event":"command_start","invocation_id":"54240-1782213302561","meta":{"command":"check","json_output":true},"pid":54240,"status":"ok","timestamp_ms":1782213302561}
{"duration_ms":344.9924,"event":"startup","invocation_id":"54240-1782213302561","meta":{"command":"check"},"pid":54240,"status":"ok","timestamp_ms":1782213302561}
{"duration_ms":0.0,"event":"discover_files_result","invocation_id":"54240-1782213302561","meta":{"count":0},"pid":54240,"status":"ok","timestamp_ms":1782213302728}
{"duration_ms":166.5696,"event":"discover_files","invocation_id":"54240-1782213302561","meta":{"globs":[]},"pid":54240,"status":"ok","timestamp_ms":1782213302728}
{"duration_ms":166.7733,"event":"command_finish","invocation_id":"54240-1782213302561","meta":{"command":"check","exit_code":2},"pid":54240,"status":"ok","timestamp_ms":1782213302728}
{"duration_ms":0.0,"event":"command_start","invocation_id":"39016-1782213324037","meta":{"command":"check","json_output":true},"pid":39016,"status":"ok","timestamp_ms":1782213324037}
{"duration_ms":339.1257,"event":"startup","invocation_id":"39016-1782213324037","meta":{"command":"check"},"pid":39016,"status":"ok","timestamp_ms":1782213324038}
{"duration_ms":0.0,"event":"discover_files_result","invocation_id":"39016-1782213324037","meta":{"count":0},"pid":39016,"status":"ok","timestamp_ms":1782213324209}
{"duration_ms":171.8638,"event":"discover_files","invocation_id":"39016-1782213324037","meta":{"globs":[]},"pid":39016,"status":"ok","timestamp_ms":1782213324210}
{"duration_ms":172.0713,"event":"command_finish","invocation_id":"39016-1782213324037","meta":{"command":"check","exit_code":2},"pid":39016,"status":"ok","timestamp_ms":1782213324210}
{"duration_ms":0.0,"event":"command_start","invocation_id":"45880-1782218608689","meta":{"command":"check","json_output":true},"pid":45880,"status":"ok","timestamp_ms":1782218608689}
{"duration_ms":353.3936,"event":"startup","invocation_id":"45880-1782218608689","meta":{"command":"check"},"pid":45880,"status":"ok","timestamp_ms":1782218608689}
{"duration_ms":0.0,"event":"discover_files_result","invocation_id":"45880-1782218608689","meta":{"count":0},"pid":45880,"status":"ok","timestamp_ms":1782218609071}
{"duration_ms":381.4182,"event":"discover_files","invocation_id":"45880-1782218608689","meta":{"globs":[]},"pid":45880,"status":"ok","timestamp_ms":1782218609071}
{"duration_ms":381.77119999999996,"event":"command_finish","invocation_id":"45880-1782218608689","meta":{"command":"check","exit_code":2},"pid":45880,"status":"ok","timestamp_ms":1782218609071}
{"duration_ms":0.0,"event":"command_start","invocation_id":"37784-1782218658197","meta":{"command":"check","json_output":true},"pid":37784,"status":"ok","timestamp_ms":1782218658197}
{"duration_ms":294.1598,"event":"startup","invocation_id":"37784-1782218658197","meta":{"command":"check"},"pid":37784,"status":"ok","timestamp_ms":1782218658197}
{"duration_ms":0.0,"event":"discover_files_result","invocation_id":"37784-1782218658197","meta":{"count":0},"pid":37784,"status":"ok","timestamp_ms":1782218658362}
{"duration_ms":164.6645,"event":"discover_files","invocation_id":"37784-1782218658197","meta":{"globs":[]},"pid":37784,"status":"ok","timestamp_ms":1782218658362}
{"duration_ms":164.91400000000002,"event":"command_finish","invocation_id":"37784-1782218658197","meta":{"command":"check","exit_code":2},"pid":37784,"status":"ok","timestamp_ms":1782218658362}
{"duration_ms":0.0,"event":"command_start","invocation_id":"51420-1782220731703","meta":{"command":"check","json_output":true},"pid":51420,"status":"ok","timestamp_ms":1782220731703}
{"duration_ms":441.7752,"event":"startup","invocation_id":"51420-1782220731703","meta":{"command":"check"},"pid":51420,"status":"ok","timestamp_ms":1782220731703}
{"duration_ms":0.0,"event":"discover_files_result","invocation_id":"51420-1782220731703","meta":{"count":0},"pid":51420,"status":"ok","timestamp_ms":1782220731892}
{"duration_ms":188.5356,"event":"discover_files","invocation_id":"51420-1782220731703","meta":{"globs":[]},"pid":51420,"status":"ok","timestamp_ms":1782220731892}
{"duration_ms":188.78539999999998,"event":"command_finish","invocation_id":"51420-1782220731703","meta":{"command":"check","exit_code":2},"pid":51420,"status":"ok","timestamp_ms":1782220731892}
{"duration_ms":0.0,"event":"command_start","invocation_id":"57388-1782220887628","meta":{"command":"check","json_output":true},"pid":57388,"status":"ok","timestamp_ms":1782220887628}
{"duration_ms":459.23560000000003,"event":"startup","invocation_id":"57388-1782220887628","meta":{"command":"check"},"pid":57388,"status":"ok","timestamp_ms":1782220887628}
{"duration_ms":0.0,"event":"discover_files_result","invocation_id":"57388-1782220887628","meta":{"count":0},"pid":57388,"status":"ok","timestamp_ms":1782220887816}
{"duration_ms":187.79840000000002,"event":"discover_files","invocation_id":"57388-1782220887628","meta":{"globs":[]},"pid":57388,"status":"ok","timestamp_ms":1782220887816}
{"duration_ms":188.07319999999999,"event":"command_finish","invocation_id":"57388-1782220887628","meta":{"command":"check","exit_code":2},"pid":57388,"status":"ok","timestamp_ms":1782220887817}
{"duration_ms":0.0,"event":"command_start","invocation_id":"54340-1782221102945","meta":{"command":"check","json_output":true},"pid":54340,"status":"ok","timestamp_ms":1782221102945}
{"duration_ms":404.89000000000004,"event":"startup","invocation_id":"54340-1782221102945","meta":{"command":"check"},"pid":54340,"status":"ok","timestamp_ms":1782221102946}
{"duration_ms":0.0,"event":"discover_files_result","invocation_id":"54340-1782221102945","meta":{"count":0},"pid":54340,"status":"ok","timestamp_ms":1782221103202}
{"duration_ms":256.1082,"event":"discover_files","invocation_id":"54340-1782221102945","meta":{"globs":[]},"pid":54340,"status":"ok","timestamp_ms":1782221103202}
{"duration_ms":256.4126,"event":"command_finish","invocation_id":"54340-1782221102945","meta":{"command":"check","exit_code":2},"pid":54340,"status":"ok","timestamp_ms":1782221103202}
{"duration_ms":0.0,"event":"command_start","invocation_id":"26848-1782222819660","meta":{"command":"check","json_output":true},"pid":26848,"status":"ok","timestamp_ms":1782222819660}
{"duration_ms":404.52529999999996,"event":"startup","invocation_id":"26848-1782222819660","meta":{"command":"check"},"pid":26848,"status":"ok","timestamp_ms":1782222819661}
{"duration_ms":0.0,"event":"discover_files_result","invocation_id":"26848-1782222819660","meta":{"count":0},"pid":26848,"status":"ok","timestamp_ms":1782222819844}
{"duration_ms":183.8527,"event":"discover_files","invocation_id":"26848-1782222819660","meta":{"globs":[]},"pid":26848,"status":"ok","timestamp_ms":1782222819845}
{"duration_ms":184.0779,"event":"command_finish","invocation_id":"26848-1782222819660","meta":{"command":"check","exit_code":2},"pid":26848,"status":"ok","timestamp_ms":1782222819845}
{"duration_ms":0.0,"event":"command_start","invocation_id":"59252-1782222933041","meta":{"command":"check","json_output":true},"pid":59252,"status":"ok","timestamp_ms":1782222933041}
{"duration_ms":336.8951,"event":"startup","invocation_id":"59252-1782222933041","meta":{"command":"check"},"pid":59252,"status":"ok","timestamp_ms":1782222933042}
{"duration_ms":0.0,"event":"discover_files_result","invocation_id":"59252-1782222933041","meta":{"count":0},"pid":59252,"status":"ok","timestamp_ms":1782222933217}
{"duration_ms":175.1063,"event":"discover_files","invocation_id":"59252-1782222933041","meta":{"globs":[]},"pid":59252,"status":"ok","timestamp_ms":1782222933217}
{"duration_ms":175.31949999999998,"event":"command_finish","invocation_id":"59252-1782222933041","meta":{"command":"check","exit_code":2},"pid":59252,"status":"ok","timestamp_ms":1782222933217}
{"duration_ms":0.0,"event":"command_start","invocation_id":"58308-1782223342286","meta":{"command":"check","json_output":true},"pid":58308,"status":"ok","timestamp_ms":1782223342286}
{"duration_ms":294.0177,"event":"startup","invocation_id":"58308-1782223342286","meta":{"command":"check"},"pid":58308,"status":"ok","timestamp_ms":1782223342286}
{"duration_ms":0.0,"event":"discover_files_result","invocation_id":"58308-1782223342286","meta":{"count":0},"pid":58308,"status":"ok","timestamp_ms":1782223342448}
{"duration_ms":161.9126,"event":"discover_files","invocation_id":"58308-1782223342286","meta":{"globs":[]},"pid":58308,"status":"ok","timestamp_ms":1782223342448}
{"duration_ms":162.1367,"event":"command_finish","invocation_id":"58308-1782223342286","meta":{"command":"check","exit_code":2},"pid":58308,"status":"ok","timestamp_ms":1782223342449}
{"duration_ms":0.0,"event":"command_start","invocation_id":"13384-1782294663053","meta":{"command":"check","json_output":true},"pid":13384,"status":"ok","timestamp_ms":1782294663053}
{"duration_ms":322.5244,"event":"startup","invocation_id":"13384-1782294663053","meta":{"command":"check"},"pid":13384,"status":"ok","timestamp_ms":1782294663053}
{"duration_ms":0.0,"event":"discover_files_result","invocation_id":"13384-1782294663053","meta":{"count":0},"pid":13384,"status":"ok","timestamp_ms":1782294663204}
{"duration_ms":150.33669999999998,"event":"discover_files","invocation_id":"13384-1782294663053","meta":{"globs":[]},"pid":13384,"status":"ok","timestamp_ms":1782294663204}
{"duration_ms":150.5427,"event":"command_finish","invocation_id":"13384-1782294663053","meta":{"command":"check","exit_code":2},"pid":13384,"status":"ok","timestamp_ms":1782294663204}
{"duration_ms":0.0,"event":"command_start","invocation_id":"48216-1782294734697","meta":{"command":"check","json_output":true},"pid":48216,"status":"ok","timestamp_ms":1782294734697}
{"duration_ms":342.46860000000004,"event":"startup","invocation_id":"48216-1782294734697","meta":{"command":"check"},"pid":48216,"status":"ok","timestamp_ms":1782294734697}
{"duration_ms":0.0,"event":"discover_files_result","invocation_id":"48216-1782294734697","meta":{"count":0},"pid":48216,"status":"ok","timestamp_ms":1782294734835}
{"duration_ms":138.04350000000002,"event":"discover_files","invocation_id":"48216-1782294734697","meta":{"globs":[]},"pid":48216,"status":"ok","timestamp_ms":1782294734835}
{"duration_ms":138.25019999999998,"event":"command_finish","invocation_id":"48216-1782294734697","meta":{"command":"check","exit_code":2},"pid":48216,"status":"ok","timestamp_ms":1782294734836}
{"duration_ms":0.0,"event":"command_start","invocation_id":"32972-1782294796035","meta":{"command":"check","json_output":true},"pid":32972,"status":"ok","timestamp_ms":1782294796035}
{"duration_ms":339.634,"event":"startup","invocation_id":"32972-1782294796035","meta":{"command":"check"},"pid":32972,"status":"ok","timestamp_ms":1782294796036}
{"duration_ms":0.0,"event":"discover_files_result","invocation_id":"32972-1782294796035","meta":{"count":0},"pid":32972,"status":"ok","timestamp_ms":1782294796199}
{"duration_ms":163.0961,"event":"discover_files","invocation_id":"32972-1782294796035","meta":{"globs":[]},"pid":32972,"status":"ok","timestamp_ms":1782294796199}
{"duration_ms":163.3023,"event":"command_finish","invocation_id":"32972-1782294796035","meta":{"command":"check","exit_code":2},"pid":32972,"status":"ok","timestamp_ms":1782294796199}
{"duration_ms":0.0,"event":"command_start","invocation_id":"33664-1782294800346","meta":{"command":"check","json_output":true},"pid":33664,"status":"ok","timestamp_ms":1782294800346}
{"duration_ms":332.728,"event":"startup","invocation_id":"33664-1782294800346","meta":{"command":"check"},"pid":33664,"status":"ok","timestamp_ms":1782294800346}
{"duration_ms":0.0,"event":"discover_files_result","invocation_id":"33664-1782294800346","meta":{"count":0},"pid":33664,"status":"ok","timestamp_ms":1782294800521}
{"duration_ms":174.5344,"event":"discover_files","invocation_id":"33664-1782294800346","meta":{"globs":[]},"pid":33664,"status":"ok","timestamp_ms":1782294800521}
{"duration_ms":174.7493,"event":"command_finish","invocation_id":"33664-1782294800346","meta":{"command":"check","exit_code":2},"pid":33664,"status":"ok","timestamp_ms":1782294800521}
{"duration_ms":0.0,"event":"command_start","invocation_id":"34584-1782294919881","meta":{"command":"check","json_output":true},"pid":34584,"status":"ok","timestamp_ms":1782294919881}
{"duration_ms":335.39020000000005,"event":"startup","invocation_id":"34584-1782294919881","meta":{"command":"check"},"pid":34584,"status":"ok","timestamp_ms":1782294919881}
{"duration_ms":0.0,"event":"discover_files_result","invocation_id":"34584-1782294919881","meta":{"count":0},"pid":34584,"status":"ok","timestamp_ms":1782294920065}
{"duration_ms":183.4165,"event":"discover_files","invocation_id":"34584-1782294919881","meta":{"globs":[]},"pid":34584,"status":"ok","timestamp_ms":1782294920065}
{"duration_ms":183.6374,"event":"command_finish","invocation_id":"34584-1782294919881","meta":{"command":"check","exit_code":2},"pid":34584,"status":"ok","timestamp_ms":1782294920065}
{"duration_ms":0.0,"event":"command_start","invocation_id":"50820-1782294956169","meta":{"command":"check","json_output":true},"pid":50820,"status":"ok","timestamp_ms":1782294956169}
{"duration_ms":322.1176,"event":"startup","invocation_id":"50820-1782294956169","meta":{"command":"check"},"pid":50820,"status":"ok","timestamp_ms":1782294956170}
{"duration_ms":0.0,"event":"discover_files_result","invocation_id":"50820-1782294956169","meta":{"count":0},"pid":50820,"status":"ok","timestamp_ms":1782294956307}
{"duration_ms":137.5505,"event":"discover_files","invocation_id":"50820-1782294956169","meta":{"globs":[]},"pid":50820,"status":"ok","timestamp_ms":1782294956307}
{"duration_ms":137.74349999999998,"event":"command_finish","invocation_id":"50820-1782294956169","meta":{"command":"check","exit_code":2},"pid":50820,"status":"ok","timestamp_ms":1782294956308}
{"duration_ms":0.0,"event":"command_start","invocation_id":"47512-1782294969658","meta":{"command":"check","json_output":true},"pid":47512,"status":"ok","timestamp_ms":1782294969658}
{"duration_ms":315.6346,"event":"startup","invocation_id":"47512-1782294969658","meta":{"command":"check"},"pid":47512,"status":"ok","timestamp_ms":1782294969658}
{"duration_ms":0.0,"event":"discover_files_result","invocation_id":"47512-1782294969658","meta":{"count":0},"pid":47512,"status":"ok","timestamp_ms":1782294969814}
{"duration_ms":155.452,"event":"discover_files","invocation_id":"47512-1782294969658","meta":{"globs":[]},"pid":47512,"status":"ok","timestamp_ms":1782294969814}
{"duration_ms":155.64249999999998,"event":"command_finish","invocation_id":"47512-1782294969658","meta":{"command":"check","exit_code":2},"pid":47512,"status":"ok","timestamp_ms":1782294969814}
{"duration_ms":0.0,"event":"command_start","invocation_id":"25540-1782295021606","meta":{"command":"check","json_output":true},"pid":25540,"status":"ok","timestamp_ms":1782295021606}
{"duration_ms":310.7283,"event":"startup","invocation_id":"25540-1782295021606","meta":{"command":"check"},"pid":25540,"status":"ok","timestamp_ms":1782295021607}
{"duration_ms":0.0,"event":"discover_files_result","invocation_id":"25540-1782295021606","meta":{"count":0},"pid":25540,"status":"ok","timestamp_ms":1782295021760}
{"duration_ms":153.6391,"event":"discover_files","invocation_id":"25540-1782295021606","meta":{"globs":[]},"pid":25540,"status":"ok","timestamp_ms":1782295021760}
{"duration_ms":153.83659999999998,"event":"command_finish","invocation_id":"25540-1782295021606","meta":{"command":"check","exit_code":2},"pid":25540,"status":"ok","timestamp_ms":1782295021761}
{"duration_ms":0.0,"event":"command_start","invocation_id":"44972-1782295070012","meta":{"command":"check","json_output":true},"pid":44972,"status":"ok","timestamp_ms":1782295070012}
{"duration_ms":326.4839,"event":"startup","invocation_id":"44972-1782295070012","meta":{"command":"check"},"pid":44972,"status":"ok","timestamp_ms":1782295070012}
{"duration_ms":0.0,"event":"discover_files_result","invocation_id":"44972-1782295070012","meta":{"count":0},"pid":44972,"status":"ok","timestamp_ms":1782295070167}
{"duration_ms":154.9223,"event":"discover_files","invocation_id":"44972-1782295070012","meta":{"globs":[]},"pid":44972,"status":"ok","timestamp_ms":1782295070167}
{"duration_ms":155.1209,"event":"command_finish","invocation_id":"44972-1782295070012","meta":{"command":"check","exit_code":2},"pid":44972,"status":"ok","timestamp_ms":1782295070168}
{"duration_ms":0.0,"event":"command_start","invocation_id":"43912-1782295146401","meta":{"command":"check","json_output":true},"pid":43912,"status":"ok","timestamp_ms":1782295146401}
{"duration_ms":321.3744,"event":"startup","invocation_id":"43912-1782295146401","meta":{"command":"check"},"pid":43912,"status":"ok","timestamp_ms":1782295146401}
{"duration_ms":0.0,"event":"discover_files_result","invocation_id":"43912-1782295146401","meta":{"count":0},"pid":43912,"status":"ok","timestamp_ms":1782295146550}
{"duration_ms":149.0131,"event":"discover_files","invocation_id":"43912-1782295146401","meta":{"globs":[]},"pid":43912,"status":"ok","timestamp_ms":1782295146550}
{"duration_ms":149.2131,"event":"command_finish","invocation_id":"43912-1782295146401","meta":{"command":"check","exit_code":2},"pid":43912,"status":"ok","timestamp_ms":1782295146550}
{"duration_ms":0.0,"event":"command_start","invocation_id":"56068-1782295179256","meta":{"command":"check","json_output":true},"pid":56068,"status":"ok","timestamp_ms":1782295179256}
{"duration_ms":354.3264,"event":"startup","invocation_id":"56068-1782295179256","meta":{"command":"check"},"pid":56068,"status":"ok","timestamp_ms":1782295179257}
{"duration_ms":0.0,"event":"discover_files_result","invocation_id":"56068-1782295179256","meta":{"count":0},"pid":56068,"status":"ok","timestamp_ms":1782295179427}
{"duration_ms":170.53019999999998,"event":"discover_files","invocation_id":"56068-1782295179256","meta":{"globs":[]},"pid":56068,"status":"ok","timestamp_ms":1782295179427}
{"duration_ms":170.7384,"event":"command_finish","invocation_id":"56068-1782295179256","meta":{"command":"check","exit_code":2},"pid":56068,"status":"ok","timestamp_ms":1782295179427}
{"duration_ms":0.0,"event":"command_start","invocation_id":"21348-1782295217794","meta":{"command":"check","json_output":true},"pid":21348,"status":"ok","timestamp_ms":1782295217794}
{"duration_ms":316.1624,"event":"startup","invocation_id":"21348-1782295217794","meta":{"command":"check"},"pid":21348,"status":"ok","timestamp_ms":1782295217794}
{"duration_ms":0.0,"event":"discover_files_result","invocation_id":"21348-1782295217794","meta":{"count":0},"pid":21348,"status":"ok","timestamp_ms":1782295217973}
{"duration_ms":179.0464,"event":"discover_files","invocation_id":"21348-1782295217794","meta":{"globs":[]},"pid":21348,"status":"ok","timestamp_ms":1782295217973}
{"duration_ms":179.28279999999998,"event":"command_finish","invocation_id":"21348-1782295217794","meta":{"command":"check","exit_code":2},"pid":21348,"status":"ok","timestamp_ms":1782295217974}
{"duration_ms":0.0,"event":"command_start","invocation_id":"56168-1782295219443","meta":{"command":"check","json_output":true},"pid":56168,"status":"ok","timestamp_ms":1782295219443}
{"duration_ms":291.6123,"event":"startup","invocation_id":"56168-1782295219443","meta":{"command":"check"},"pid":56168,"status":"ok","timestamp_ms":1782295219444}
{"duration_ms":0.0,"event":"discover_files_result","invocation_id":"56168-1782295219443","meta":{"count":0},"pid":56168,"status":"ok","timestamp_ms":1782295219596}
{"duration_ms":152.4967,"event":"discover_files","invocation_id":"56168-1782295219443","meta":{"globs":[]},"pid":56168,"status":"ok","timestamp_ms":1782295219596}
{"duration_ms":152.70909999999998,"event":"command_finish","invocation_id":"56168-1782295219443","meta":{"command":"check","exit_code":2},"pid":56168,"status":"ok","timestamp_ms":1782295219597}
{"duration_ms":0.0,"event":"command_start","invocation_id":"23952-1782295738804","meta":{"command":"check","json_output":true},"pid":23952,"status":"ok","timestamp_ms":1782295738804}
{"duration_ms":327.1405,"event":"startup","invocation_id":"23952-1782295738804","meta":{"command":"check"},"pid":23952,"status":"ok","timestamp_ms":1782295738804}
{"duration_ms":0.0,"event":"discover_files_result","invocation_id":"23952-1782295738804","meta":{"count":0},"pid":23952,"status":"ok","timestamp_ms":1782295738948}
{"duration_ms":143.333,"event":"discover_files","invocation_id":"23952-1782295738804","meta":{"globs":[]},"pid":23952,"status":"ok","timestamp_ms":1782295738948}
{"duration_ms":143.5444,"event":"command_finish","invocation_id":"23952-1782295738804","meta":{"command":"check","exit_code":2},"pid":23952,"status":"ok","timestamp_ms":1782295738948}
{"duration_ms":0.0,"event":"command_start","invocation_id":"18840-1782295977778","meta":{"command":"check","json_output":true},"pid":18840,"status":"ok","timestamp_ms":1782295977778}
{"duration_ms":293.3489,"event":"startup","invocation_id":"18840-1782295977778","meta":{"command":"check"},"pid":18840,"status":"ok","timestamp_ms":1782295977778}
{"duration_ms":0.0,"event":"discover_files_result","invocation_id":"18840-1782295977778","meta":{"count":0},"pid":18840,"status":"ok","timestamp_ms":1782295977907}
{"duration_ms":128.5556,"event":"discover_files","invocation_id":"18840-1782295977778","meta":{"globs":[]},"pid":18840,"status":"ok","timestamp_ms":1782295977907}
{"duration_ms":128.7829,"event":"command_finish","invocation_id":"18840-1782295977778","meta":{"command":"check","exit_code":2},"pid":18840,"status":"ok","timestamp_ms":1782295977907}
{"duration_ms":0.0,"event":"command_start","invocation_id":"55192-1782296121333","meta":{"command":"check","json_output":true},"pid":55192,"status":"ok","timestamp_ms":1782296121333}
{"duration_ms":304.05559999999997,"event":"startup","invocation_id":"55192-1782296121333","meta":{"command":"check"},"pid":55192,"status":"ok","timestamp_ms":1782296121334}
{"duration_ms":0.0,"event":"discover_files_result","invocation_id":"55192-1782296121333","meta":{"count":0},"pid":55192,"status":"ok","timestamp_ms":1782296121496}
{"duration_ms":162.6482,"event":"discover_files","invocation_id":"55192-1782296121333","meta":{"globs":[]},"pid":55192,"status":"ok","timestamp_ms":1782296121497}
{"duration_ms":162.9168,"event":"command_finish","invocation_id":"55192-1782296121333","meta":{"command":"check","exit_code":2},"pid":55192,"status":"ok","timestamp_ms":1782296121497}
{"duration_ms":0.0,"event":"command_start","invocation_id":"53476-1782296124888","meta":{"command":"check","json_output":true},"pid":53476,"status":"ok","timestamp_ms":1782296124888}
{"duration_ms":351.6575,"event":"startup","invocation_id":"53476-1782296124888","meta":{"command":"check"},"pid":53476,"status":"ok","timestamp_ms":1782296124888}
{"duration_ms":0.0,"event":"discover_files_result","invocation_id":"53476-1782296124888","meta":{"count":0},"pid":53476,"status":"ok","timestamp_ms":1782296125033}
{"duration_ms":145.18339999999998,"event":"discover_files","invocation_id":"53476-1782296124888","meta":{"globs":[]},"pid":53476,"status":"ok","timestamp_ms":1782296125033}
{"duration_ms":145.39669999999998,"event":"command_finish","invocation_id":"53476-1782296124888","meta":{"command":"check","exit_code":2},"pid":53476,"status":"ok","timestamp_ms":1782296125033}
{"duration_ms":0.0,"event":"command_start","invocation_id":"55720-1782296164737","meta":{"command":"check","json_output":true},"pid":55720,"status":"ok","timestamp_ms":1782296164737}
{"duration_ms":291.6233,"event":"startup","invocation_id":"55720-1782296164737","meta":{"command":"check"},"pid":55720,"status":"ok","timestamp_ms":1782296164737}
{"duration_ms":0.0,"event":"discover_files_result","invocation_id":"55720-1782296164737","meta":{"count":0},"pid":55720,"status":"ok","timestamp_ms":1782296164888}
{"duration_ms":151.1465,"event":"discover_files","invocation_id":"55720-1782296164737","meta":{"globs":[]},"pid":55720,"status":"ok","timestamp_ms":1782296164888}
{"duration_ms":151.35670000000002,"event":"command_finish","invocation_id":"55720-1782296164737","meta":{"command":"check","exit_code":2},"pid":55720,"status":"ok","timestamp_ms":1782296164889}
{"duration_ms":0.0,"event":"command_start","invocation_id":"2356-1782296356618","meta":{"command":"check","json_output":true},"pid":2356,"status":"ok","timestamp_ms":1782296356618}
{"duration_ms":325.2122,"event":"startup","invocation_id":"2356-1782296356618","meta":{"command":"check"},"pid":2356,"status":"ok","timestamp_ms":1782296356618}
{"duration_ms":0.0,"event":"discover_files_result","invocation_id":"2356-1782296356618","meta":{"count":0},"pid":2356,"status":"ok","timestamp_ms":1782296356812}
{"duration_ms":194.3589,"event":"discover_files","invocation_id":"2356-1782296356618","meta":{"globs":[]},"pid":2356,"status":"ok","timestamp_ms":1782296356812}
{"duration_ms":194.6838,"event":"command_finish","invocation_id":"2356-1782296356618","meta":{"command":"check","exit_code":2},"pid":2356,"status":"ok","timestamp_ms":1782296356813}
{"duration_ms":0.0,"event":"command_start","invocation_id":"47088-1782296360773","meta":{"command":"check","json_output":true},"pid":47088,"status":"ok","timestamp_ms":1782296360773}
{"duration_ms":293.9433,"event":"startup","invocation_id":"47088-1782296360773","meta":{"command":"check"},"pid":47088,"status":"ok","timestamp_ms":1782296360774}
{"duration_ms":0.0,"event":"discover_files_result","invocation_id":"47088-1782296360773","meta":{"count":0},"pid":47088,"status":"ok","timestamp_ms":1782296360915}
{"duration_ms":141.2745,"event":"discover_files","invocation_id":"47088-1782296360773","meta":{"globs":[]},"pid":47088,"status":"ok","timestamp_ms":1782296360915}
{"duration_ms":141.4958,"event":"command_finish","invocation_id":"47088-1782296360773","meta":{"command":"check","exit_code":2},"pid":47088,"status":"ok","timestamp_ms":1782296360915}
{"duration_ms":0.0,"event":"command_start","invocation_id":"55532-1782296364707","meta":{"command":"check","json_output":true},"pid":55532,"status":"ok","timestamp_ms":1782296364707}
{"duration_ms":335.2093,"event":"startup","invocation_id":"55532-1782296364707","meta":{"command":"check"},"pid":55532,"status":"ok","timestamp_ms":1782296364707}
{"duration_ms":0.0,"event":"discover_files_result","invocation_id":"55532-1782296364707","meta":{"count":0},"pid":55532,"status":"ok","timestamp_ms":1782296364853}
{"duration_ms":146.3934,"event":"discover_files","invocation_id":"55532-1782296364707","meta":{"globs":[]},"pid":55532,"status":"ok","timestamp_ms":1782296364853}
{"duration_ms":146.626,"event":"command_finish","invocation_id":"55532-1782296364707","meta":{"command":"check","exit_code":2},"pid":55532,"status":"ok","timestamp_ms":1782296364854}
{"duration_ms":0.0,"event":"command_start","invocation_id":"53760-1782296366377","meta":{"command":"check","json_output":true},"pid":53760,"status":"ok","timestamp_ms":1782296366377}
{"duration_ms":345.9217,"event":"startup","invocation_id":"53760-1782296366377","meta":{"command":"check"},"pid":53760,"status":"ok","timestamp_ms":1782296366377}
{"duration_ms":0.0,"event":"discover_files_result","invocation_id":"53760-1782296366377","meta":{"count":0},"pid":53760,"status":"ok","timestamp_ms":1782296366522}
{"duration_ms":144.7463,"event":"discover_files","invocation_id":"53760-1782296366377","meta":{"globs":[]},"pid":53760,"status":"ok","timestamp_ms":1782296366522}
{"duration_ms":144.95440000000002,"event":"command_finish","invocation_id":"53760-1782296366377","meta":{"command":"check","exit_code":2},"pid":53760,"status":"ok","timestamp_ms":1782296366522}
{"duration_ms":0.0,"event":"command_start","invocation_id":"48216-1782296603282","meta":{"command":"check","json_output":true},"pid":48216,"status":"ok","timestamp_ms":1782296603282}
{"duration_ms":350.6129,"event":"startup","invocation_id":"48216-1782296603282","meta":{"command":"check"},"pid":48216,"status":"ok","timestamp_ms":1782296603282}
{"duration_ms":0.0,"event":"discover_files_result","invocation_id":"48216-1782296603282","meta":{"count":0},"pid":48216,"status":"ok","timestamp_ms":1782296603430}
{"duration_ms":147.80270000000002,"event":"discover_files","invocation_id":"48216-1782296603282","meta":{"globs":[]},"pid":48216,"status":"ok","timestamp_ms":1782296603430}
{"duration_ms":148.0254,"event":"command_finish","invocation_id":"48216-1782296603282","meta":{"command":"check","exit_code":2},"pid":48216,"status":"ok","timestamp_ms":1782296603430}
{"duration_ms":0.0,"event":"command_start","invocation_id":"33036-1782296620631","meta":{"command":"check","json_output":true},"pid":33036,"status":"ok","timestamp_ms":1782296620631}
{"duration_ms":319.0496,"event":"startup","invocation_id":"33036-1782296620631","meta":{"command":"check"},"pid":33036,"status":"ok","timestamp_ms":1782296620632}
{"duration_ms":0.0,"event":"discover_files_result","invocation_id":"33036-1782296620631","meta":{"count":0},"pid":33036,"status":"ok","timestamp_ms":1782296620775}
{"duration_ms":142.8599,"event":"discover_files","invocation_id":"33036-1782296620631","meta":{"globs":[]},"pid":33036,"status":"ok","timestamp_ms":1782296620775}
{"duration_ms":143.0639,"event":"command_finish","invocation_id":"33036-1782296620631","meta":{"command":"check","exit_code":2},"pid":33036,"status":"ok","timestamp_ms":1782296620775}
{"duration_ms":0.0,"event":"command_start","invocation_id":"54844-1782296629073","meta":{"command":"check","json_output":true},"pid":54844,"status":"ok","timestamp_ms":1782296629074}
{"duration_ms":334.87109999999996,"event":"startup","invocation_id":"54844-1782296629073","meta":{"command":"check"},"pid":54844,"status":"ok","timestamp_ms":1782296629074}
{"duration_ms":0.0,"event":"discover_files_result","invocation_id":"54844-1782296629073","meta":{"count":0},"pid":54844,"status":"ok","timestamp_ms":1782296629226}
{"duration_ms":152.06,"event":"discover_files","invocation_id":"54844-1782296629073","meta":{"globs":[]},"pid":54844,"status":"ok","timestamp_ms":1782296629226}
{"duration_ms":152.279,"event":"command_finish","invocation_id":"54844-1782296629073","meta":{"command":"check","exit_code":2},"pid":54844,"status":"ok","timestamp_ms":1782296629226}
{"duration_ms":0.0,"event":"command_start","invocation_id":"48344-1782296646244","meta":{"command":"check","json_output":true},"pid":48344,"status":"ok","timestamp_ms":1782296646244}
{"duration_ms":300.39070000000004,"event":"startup","invocation_id":"48344-1782296646244","meta":{"command":"check"},"pid":48344,"status":"ok","timestamp_ms":1782296646244}
{"duration_ms":0.0,"event":"discover_files_result","invocation_id":"48344-1782296646244","meta":{"count":0},"pid":48344,"status":"ok","timestamp_ms":1782296646385}
{"duration_ms":141.33509999999998,"event":"discover_files","invocation_id":"48344-1782296646244","meta":{"globs":[]},"pid":48344,"status":"ok","timestamp_ms":1782296646385}
{"duration_ms":141.5693,"event":"command_finish","invocation_id":"48344-1782296646244","meta":{"command":"check","exit_code":2},"pid":48344,"status":"ok","timestamp_ms":1782296646386}
{"duration_ms":0.0,"event":"command_start","invocation_id":"45544-1782296712780","meta":{"command":"check","json_output":true},"pid":45544,"status":"ok","timestamp_ms":1782296712780}
{"duration_ms":320.99519999999995,"event":"startup","invocation_id":"45544-1782296712780","meta":{"command":"check"},"pid":45544,"status":"ok","timestamp_ms":1782296712780}
{"duration_ms":0.0,"event":"discover_files_result","invocation_id":"45544-1782296712780","meta":{"count":0},"pid":45544,"status":"ok","timestamp_ms":1782296712939}
{"duration_ms":159.0973,"event":"discover_files","invocation_id":"45544-1782296712780","meta":{"globs":[]},"pid":45544,"status":"ok","timestamp_ms":1782296712940}
{"duration_ms":159.31400000000002,"event":"command_finish","invocation_id":"45544-1782296712780","meta":{"command":"check","exit_code":2},"pid":45544,"status":"ok","timestamp_ms":1782296712940}
{"duration_ms":0.0,"event":"command_start","invocation_id":"45540-1782296730459","meta":{"command":"check","json_output":true},"pid":45540,"status":"ok","timestamp_ms":1782296730459}
{"duration_ms":313.6903,"event":"startup","invocation_id":"45540-1782296730459","meta":{"command":"check"},"pid":45540,"status":"ok","timestamp_ms":1782296730459}
{"duration_ms":0.0,"event":"discover_files_result","invocation_id":"45540-1782296730459","meta":{"count":0},"pid":45540,"status":"ok","timestamp_ms":1782296730597}
{"duration_ms":137.95579999999998,"event":"discover_files","invocation_id":"45540-1782296730459","meta":{"globs":[]},"pid":45540,"status":"ok","timestamp_ms":1782296730597}
{"duration_ms":138.1617,"event":"command_finish","invocation_id":"45540-1782296730459","meta":{"command":"check","exit_code":2},"pid":45540,"status":"ok","timestamp_ms":1782296730597}
{"duration_ms":0.0,"event":"command_start","invocation_id":"17964-1782296745758","meta":{"command":"check","json_output":true},"pid":17964,"status":"ok","timestamp_ms":1782296745758}
{"duration_ms":328.1921,"event":"startup","invocation_id":"17964-1782296745758","meta":{"command":"check"},"pid":17964,"status":"ok","timestamp_ms":1782296745758}
{"duration_ms":0.0,"event":"discover_files_result","invocation_id":"17964-1782296745758","meta":{"count":0},"pid":17964,"status":"ok","timestamp_ms":1782296745909}
{"duration_ms":150.7643,"event":"discover_files","invocation_id":"17964-1782296745758","meta":{"globs":[]},"pid":17964,"status":"ok","timestamp_ms":1782296745909}
{"duration_ms":150.9691,"event":"command_finish","invocation_id":"17964-1782296745758","meta":{"command":"check","exit_code":2},"pid":17964,"status":"ok","timestamp_ms":1782296745909}
{"duration_ms":0.0,"event":"command_start","invocation_id":"47704-1782296748086","meta":{"command":"check","json_output":true},"pid":47704,"status":"ok","timestamp_ms":1782296748086}
{"duration_ms":276.2321,"event":"startup","invocation_id":"47704-1782296748086","meta":{"command":"check"},"pid":47704,"status":"ok","timestamp_ms":1782296748086}
{"duration_ms":0.0,"event":"discover_files_result","invocation_id":"47704-1782296748086","meta":{"count":0},"pid":47704,"status":"ok","timestamp_ms":1782296748233}
{"duration_ms":147.1218,"event":"discover_files","invocation_id":"47704-1782296748086","meta":{"globs":[]},"pid":47704,"status":"ok","timestamp_ms":1782296748233}
{"duration_ms":147.4993,"event":"command_finish","invocation_id":"47704-1782296748086","meta":{"command":"check","exit_code":2},"pid":47704,"status":"ok","timestamp_ms":1782296748234}
{"duration_ms":0.0,"event":"command_start","invocation_id":"54980-1782296774152","meta":{"command":"check","json_output":true},"pid":54980,"status":"ok","timestamp_ms":1782296774152}
{"duration_ms":319.1605,"event":"startup","invocation_id":"54980-1782296774152","meta":{"command":"check"},"pid":54980,"status":"ok","timestamp_ms":1782296774152}
{"duration_ms":0.0,"event":"discover_files_result","invocation_id":"54980-1782296774152","meta":{"count":0},"pid":54980,"status":"ok","timestamp_ms":1782296774309}
{"duration_ms":157.26319999999998,"event":"discover_files","invocation_id":"54980-1782296774152","meta":{"globs":[]},"pid":54980,"status":"ok","timestamp_ms":1782296774309}
{"duration_ms":157.4675,"event":"command_finish","invocation_id":"54980-1782296774152","meta":{"command":"check","exit_code":2},"pid":54980,"status":"ok","timestamp_ms":1782296774310}
{"duration_ms":0.0,"event":"command_start","invocation_id":"6940-1782296798277","meta":{"command":"check","json_output":true},"pid":6940,"status":"ok","timestamp_ms":1782296798277}
{"duration_ms":298.9676,"event":"startup","invocation_id":"6940-1782296798277","meta":{"command":"check"},"pid":6940,"status":"ok","timestamp_ms":1782296798277}
{"duration_ms":0.0,"event":"discover_files_result","invocation_id":"6940-1782296798277","meta":{"count":0},"pid":6940,"status":"ok","timestamp_ms":1782296798434}
{"duration_ms":157.3176,"event":"discover_files","invocation_id":"6940-1782296798277","meta":{"globs":[]},"pid":6940,"status":"ok","timestamp_ms":1782296798434}
{"duration_ms":157.5222,"event":"command_finish","invocation_id":"6940-1782296798277","meta":{"command":"check","exit_code":2},"pid":6940,"status":"ok","timestamp_ms":1782296798435}
{"duration_ms":0.0,"event":"command_start","invocation_id":"36808-1782296821334","meta":{"command":"check","json_output":true},"pid":36808,"status":"ok","timestamp_ms":1782296821334}
{"duration_ms":314.5197,"event":"startup","invocation_id":"36808-1782296821334","meta":{"command":"check"},"pid":36808,"status":"ok","timestamp_ms":1782296821334}
{"duration_ms":0.0,"event":"discover_files_result","invocation_id":"36808-1782296821334","meta":{"count":0},"pid":36808,"status":"ok","timestamp_ms":1782296821485}
{"duration_ms":151.158,"event":"discover_files","invocation_id":"36808-1782296821334","meta":{"globs":[]},"pid":36808,"status":"ok","timestamp_ms":1782296821485}
{"duration_ms":151.3739,"event":"command_finish","invocation_id":"36808-1782296821334","meta":{"command":"check","exit_code":2},"pid":36808,"status":"ok","timestamp_ms":1782296821486}
{"duration_ms":0.0,"event":"command_start","invocation_id":"39904-1782296831117","meta":{"command":"check","json_output":true},"pid":39904,"status":"ok","timestamp_ms":1782296831117}
{"duration_ms":343.6264,"event":"startup","invocation_id":"39904-1782296831117","meta":{"command":"check"},"pid":39904,"status":"ok","timestamp_ms":1782296831117}
{"duration_ms":0.0,"event":"discover_files_result","invocation_id":"39904-1782296831117","meta":{"count":0},"pid":39904,"status":"ok","timestamp_ms":1782296831256}
{"duration_ms":138.65630000000002,"event":"discover_files","invocation_id":"39904-1782296831117","meta":{"globs":[]},"pid":39904,"status":"ok","timestamp_ms":1782296831256}
{"duration_ms":138.8639,"event":"command_finish","invocation_id":"39904-1782296831117","meta":{"command":"check","exit_code":2},"pid":39904,"status":"ok","timestamp_ms":1782296831257}
{"duration_ms":0.0,"event":"command_start","invocation_id":"48108-1782296834641","meta":{"command":"check","json_output":true},"pid":48108,"status":"ok","timestamp_ms":1782296834641}
{"duration_ms":322.2761,"event":"startup","invocation_id":"48108-1782296834641","meta":{"command":"check"},"pid":48108,"status":"ok","timestamp_ms":1782296834641}
{"duration_ms":0.0,"event":"discover_files_result","invocation_id":"48108-1782296834641","meta":{"count":0},"pid":48108,"status":"ok","timestamp_ms":1782296834783}
{"duration_ms":142.03869999999998,"event":"discover_files","invocation_id":"48108-1782296834641","meta":{"globs":[]},"pid":48108,"status":"ok","timestamp_ms":1782296834783}
{"duration_ms":142.2925,"event":"command_finish","invocation_id":"48108-1782296834641","meta":{"command":"check","exit_code":2},"pid":48108,"status":"ok","timestamp_ms":1782296834783}
{"duration_ms":0.0,"event":"command_start","invocation_id":"43316-1782296836365","meta":{"command":"check","json_output":true},"pid":43316,"status":"ok","timestamp_ms":1782296836365}
{"duration_ms":360.7895,"event":"startup","invocation_id":"43316-1782296836365","meta":{"command":"check"},"pid":43316,"status":"ok","timestamp_ms":1782296836366}
{"duration_ms":0.0,"event":"discover_files_result","invocation_id":"43316-1782296836365","meta":{"count":0},"pid":43316,"status":"ok","timestamp_ms":1782296836507}
{"duration_ms":141.4539,"event":"discover_files","invocation_id":"43316-1782296836365","meta":{"globs":[]},"pid":43316,"status":"ok","timestamp_ms":1782296836507}
{"duration_ms":141.6633,"event":"command_finish","invocation_id":"43316-1782296836365","meta":{"command":"check","exit_code":2},"pid":43316,"status":"ok","timestamp_ms":1782296836508}
{"duration_ms":0.0,"event":"command_start","invocation_id":"39904-1782296837984","meta":{"command":"check","json_output":true},"pid":39904,"status":"ok","timestamp_ms":1782296837984}
{"duration_ms":302.7067,"event":"startup","invocation_id":"39904-1782296837984","meta":{"command":"check"},"pid":39904,"status":"ok","timestamp_ms":1782296837985}
{"duration_ms":0.0,"event":"discover_files_result","invocation_id":"39904-1782296837984","meta":{"count":0},"pid":39904,"status":"ok","timestamp_ms":1782296838112}
{"duration_ms":127.04579999999999,"event":"discover_files","invocation_id":"39904-1782296837984","meta":{"globs":[]},"pid":39904,"status":"ok","timestamp_ms":1782296838112}
{"duration_ms":127.2531,"event":"command_finish","invocation_id":"39904-1782296837984","meta":{"command":"check","exit_code":2},"pid":39904,"status":"ok","timestamp_ms":1782296838112}
{"duration_ms":0.0,"event":"command_start","invocation_id":"50756-1782296870554","meta":{"command":"check","json_output":true},"pid":50756,"status":"ok","timestamp_ms":1782296870554}
{"duration_ms":317.26759999999996,"event":"startup","invocation_id":"50756-1782296870554","meta":{"command":"check"},"pid":50756,"status":"ok","timestamp_ms":1782296870554}
{"duration_ms":0.0,"event":"discover_files_result","invocation_id":"50756-1782296870554","meta":{"count":0},"pid":50756,"status":"ok","timestamp_ms":1782296870697}
{"duration_ms":142.5722,"event":"discover_files","invocation_id":"50756-1782296870554","meta":{"globs":[]},"pid":50756,"status":"ok","timestamp_ms":1782296870697}
{"duration_ms":142.7837,"event":"command_finish","invocation_id":"50756-1782296870554","meta":{"command":"check","exit_code":2},"pid":50756,"status":"ok","timestamp_ms":1782296870697}
{"duration_ms":0.0,"event":"command_start","invocation_id":"49124-1782296875828","meta":{"command":"check","json_output":true},"pid":49124,"status":"ok","timestamp_ms":1782296875828}
{"duration_ms":312.1895,"event":"startup","invocation_id":"49124-1782296875828","meta":{"command":"check"},"pid":49124,"status":"ok","timestamp_ms":1782296875829}
{"duration_ms":0.0,"event":"discover_files_result","invocation_id":"49124-1782296875828","meta":{"count":0},"pid":49124,"status":"ok","timestamp_ms":1782296875983}
{"duration_ms":153.87290000000002,"event":"discover_files","invocation_id":"49124-1782296875828","meta":{"globs":[]},"pid":49124,"status":"ok","timestamp_ms":1782296875983}
{"duration_ms":154.0987,"event":"command_finish","invocation_id":"49124-1782296875828","meta":{"command":"check","exit_code":2},"pid":49124,"status":"ok","timestamp_ms":1782296875983}
{"duration_ms":0.0,"event":"command_start","invocation_id":"31300-1782296886730","meta":{"command":"check","json_output":true},"pid":31300,"status":"ok","timestamp_ms":1782296886730}
{"duration_ms":327.17560000000003,"event":"startup","invocation_id":"31300-1782296886730","meta":{"command":"check"},"pid":31300,"status":"ok","timestamp_ms":1782296886730}
{"duration_ms":0.0,"event":"discover_files_result","invocation_id":"31300-1782296886730","meta":{"count":0},"pid":31300,"status":"ok","timestamp_ms":1782296886874}
{"duration_ms":143.6163,"event":"discover_files","invocation_id":"31300-1782296886730","meta":{"globs":[]},"pid":31300,"status":"ok","timestamp_ms":1782296886874}
{"duration_ms":143.8356,"event":"command_finish","invocation_id":"31300-1782296886730","meta":{"command":"check","exit_code":2},"pid":31300,"status":"ok","timestamp_ms":1782296886874}
{"duration_ms":0.0,"event":"command_start","invocation_id":"55928-1782296903379","meta":{"command":"check","json_output":true},"pid":55928,"status":"ok","timestamp_ms":1782296903379}
{"duration_ms":287.9273,"event":"startup","invocation_id":"55928-1782296903379","meta":{"command":"check"},"pid":55928,"status":"ok","timestamp_ms":1782296903379}
{"duration_ms":0.0,"event":"discover_files_result","invocation_id":"55928-1782296903379","meta":{"count":0},"pid":55928,"status":"ok","timestamp_ms":1782296903513}
{"duration_ms":133.7357,"event":"discover_files","invocation_id":"55928-1782296903379","meta":{"globs":[]},"pid":55928,"status":"ok","timestamp_ms":1782296903513}
{"duration_ms":133.9566,"event":"command_finish","invocation_id":"55928-1782296903379","meta":{"command":"check","exit_code":2},"pid":55928,"status":"ok","timestamp_ms":1782296903514}
{"duration_ms":0.0,"event":"command_start","invocation_id":"36976-1782296921712","meta":{"command":"check","json_output":true},"pid":36976,"status":"ok","timestamp_ms":1782296921712}
{"duration_ms":301.9653,"event":"startup","invocation_id":"36976-1782296921712","meta":{"command":"check"},"pid":36976,"status":"ok","timestamp_ms":1782296921713}
{"duration_ms":0.0,"event":"discover_files_result","invocation_id":"36976-1782296921712","meta":{"count":0},"pid":36976,"status":"ok","timestamp_ms":1782296921848}
{"duration_ms":135.0583,"event":"discover_files","invocation_id":"36976-1782296921712","meta":{"globs":[]},"pid":36976,"status":"ok","timestamp_ms":1782296921848}
{"duration_ms":135.2876,"event":"command_finish","invocation_id":"36976-1782296921712","meta":{"command":"check","exit_code":2},"pid":36976,"status":"ok","timestamp_ms":1782296921848}
{"duration_ms":0.0,"event":"command_start","invocation_id":"51288-1782296923329","meta":{"command":"check","json_output":true},"pid":51288,"status":"ok","timestamp_ms":1782296923329}
{"duration_ms":287.4465,"event":"startup","invocation_id":"51288-1782296923329","meta":{"command":"check"},"pid":51288,"status":"ok","timestamp_ms":1782296923329}
{"duration_ms":0.0,"event":"discover_files_result","invocation_id":"51288-1782296923329","meta":{"count":0},"pid":51288,"status":"ok","timestamp_ms":1782296923441}
{"duration_ms":112.4893,"event":"discover_files","invocation_id":"51288-1782296923329","meta":{"globs":[]},"pid":51288,"status":"ok","timestamp_ms":1782296923442}
{"duration_ms":112.72659999999999,"event":"command_finish","invocation_id":"51288-1782296923329","meta":{"command":"check","exit_code":2},"pid":51288,"status":"ok","timestamp_ms":1782296923442}
{"duration_ms":0.0,"event":"command_start","invocation_id":"44692-1782296924912","meta":{"command":"check","json_output":true},"pid":44692,"status":"ok","timestamp_ms":1782296924912}
{"duration_ms":315.7405,"event":"startup","invocation_id":"44692-1782296924912","meta":{"command":"check"},"pid":44692,"status":"ok","timestamp_ms":1782296924912}
{"duration_ms":0.0,"event":"discover_files_result","invocation_id":"44692-1782296924912","meta":{"count":0},"pid":44692,"status":"ok","timestamp_ms":1782296925041}
{"duration_ms":129.1862,"event":"discover_files","invocation_id":"44692-1782296924912","meta":{"globs":[]},"pid":44692,"status":"ok","timestamp_ms":1782296925042}
{"duration_ms":129.4276,"event":"command_finish","invocation_id":"44692-1782296924912","meta":{"command":"check","exit_code":2},"pid":44692,"status":"ok","timestamp_ms":1782296925042}
{"duration_ms":0.0,"event":"command_start","invocation_id":"34224-1782296997633","meta":{"command":"check","json_output":true},"pid":34224,"status":"ok","timestamp_ms":1782296997633}
{"duration_ms":321.46160000000003,"event":"startup","invocation_id":"34224-1782296997633","meta":{"command":"check"},"pid":34224,"status":"ok","timestamp_ms":1782296997634}
{"duration_ms":0.0,"event":"discover_files_result","invocation_id":"34224-1782296997633","meta":{"count":0},"pid":34224,"status":"ok","timestamp_ms":1782296997823}
{"duration_ms":188.8495,"event":"discover_files","invocation_id":"34224-1782296997633","meta":{"globs":[]},"pid":34224,"status":"ok","timestamp_ms":1782296997823}
{"duration_ms":189.06619999999998,"event":"command_finish","invocation_id":"34224-1782296997633","meta":{"command":"check","exit_code":2},"pid":34224,"status":"ok","timestamp_ms":1782296997823}
{"duration_ms":0.0,"event":"command_start","invocation_id":"32320-1782297003010","meta":{"command":"check","json_output":true},"pid":32320,"status":"ok","timestamp_ms":1782297003010}
{"duration_ms":293.4906,"event":"startup","invocation_id":"32320-1782297003010","meta":{"command":"check"},"pid":32320,"status":"ok","timestamp_ms":1782297003010}
{"duration_ms":0.0,"event":"discover_files_result","invocation_id":"32320-1782297003010","meta":{"count":0},"pid":32320,"status":"ok","timestamp_ms":1782297003179}
{"duration_ms":168.85549999999998,"event":"discover_files","invocation_id":"32320-1782297003010","meta":{"globs":[]},"pid":32320,"status":"ok","timestamp_ms":1782297003179}
{"duration_ms":169.0672,"event":"command_finish","invocation_id":"32320-1782297003010","meta":{"command":"check","exit_code":2},"pid":32320,"status":"ok","timestamp_ms":1782297003179}
{"duration_ms":0.0,"event":"command_start","invocation_id":"29676-1782303910037","meta":{"command":"check","json_output":true},"pid":29676,"status":"ok","timestamp_ms":1782303910037}
{"duration_ms":377.4068,"event":"startup","invocation_id":"29676-1782303910037","meta":{"command":"check"},"pid":29676,"status":"ok","timestamp_ms":1782303910038}
{"duration_ms":0.0,"event":"discover_files_result","invocation_id":"29676-1782303910037","meta":{"count":0},"pid":29676,"status":"ok","timestamp_ms":1782303910197}
{"duration_ms":159.63469999999998,"event":"discover_files","invocation_id":"29676-1782303910037","meta":{"globs":[]},"pid":29676,"status":"ok","timestamp_ms":1782303910198}
{"duration_ms":159.9052,"event":"command_finish","invocation_id":"29676-1782303910037","meta":{"command":"check","exit_code":2},"pid":29676,"status":"ok","timestamp_ms":1782303910198}
{"duration_ms":0.0,"event":"command_start","invocation_id":"15852-1782303929775","meta":{"command":"check","json_output":true},"pid":15852,"status":"ok","timestamp_ms":1782303929775}
{"duration_ms":362.1619,"event":"startup","invocation_id":"15852-1782303929775","meta":{"command":"check"},"pid":15852,"status":"ok","timestamp_ms":1782303929775}
{"duration_ms":0.0,"event":"discover_files_result","invocation_id":"15852-1782303929775","meta":{"count":0},"pid":15852,"status":"ok","timestamp_ms":1782303929922}
{"duration_ms":146.4031,"event":"discover_files","invocation_id":"15852-1782303929775","meta":{"globs":[]},"pid":15852,"status":"ok","timestamp_ms":1782303929922}
{"duration_ms":146.6469,"event":"command_finish","invocation_id":"15852-1782303929775","meta":{"command":"check","exit_code":2},"pid":15852,"status":"ok","timestamp_ms":1782303929922}
{"duration_ms":0.0,"event":"command_start","invocation_id":"34808-1782303933353","meta":{"command":"check","json_output":true},"pid":34808,"status":"ok","timestamp_ms":1782303933353}
{"duration_ms":358.0375,"event":"startup","invocation_id":"34808-1782303933353","meta":{"command":"check"},"pid":34808,"status":"ok","timestamp_ms":1782303933353}
{"duration_ms":0.0,"event":"discover_files_result","invocation_id":"34808-1782303933353","meta":{"count":0},"pid":34808,"status":"ok","timestamp_ms":1782303933519}
{"duration_ms":165.6832,"event":"discover_files","invocation_id":"34808-1782303933353","meta":{"globs":[]},"pid":34808,"status":"ok","timestamp_ms":1782303933519}
{"duration_ms":165.9732,"event":"command_finish","invocation_id":"34808-1782303933353","meta":{"command":"check","exit_code":2},"pid":34808,"status":"ok","timestamp_ms":1782303933519}
